        Placement Information by Vertex
        ===============================

Generated: Fri Jul 21 15:58:26 2017 for target machine '192.168.240.253'

**** Vertex: 'OME Node'
Model: OMEVertex
 Placed on core (0, 0, 2)

**** Vertex: 'DRNL Node'
Model: DRNLVertex
 Placed on core (0, 0, 3)

**** Vertex: 'IHCAN Node'
Model: IHCANVertex
 Placed on core (0, 0, 4)

**** Vertex: 'IHCAN Node'
Model: IHCANVertex
 Placed on core (0, 0, 5)

**** Vertex: 'IHCAN Node'
Model: IHCANVertex
 Placed on core (0, 0, 6)

**** Vertex: 'IHCAN Node'
Model: IHCANVertex
 Placed on core (0, 0, 7)

**** Vertex: 'IHCAN Node'
Model: IHCANVertex
 Placed on core (0, 0, 8)

**** Vertex: 'DRNL Node'
Model: DRNLVertex
 Placed on core (0, 0, 9)

**** Vertex: 'IHCAN Node'
Model: IHCANVertex
 Placed on core (0, 0, 10)

**** Vertex: 'IHCAN Node'
Model: IHCANVertex
 Placed on core (0, 0, 11)

**** Vertex: 'IHCAN Node'
Model: IHCANVertex
 Placed on core (0, 0, 12)

**** Vertex: 'IHCAN Node'
Model: IHCANVertex
 Placed on core (0, 0, 13)

**** Vertex: 'IHCAN Node'
Model: IHCANVertex
 Placed on core (0, 0, 14)

**** Vertex: 'OME Node'
Model: OMEVertex
 Placed on core (0, 1, 2)

**** Vertex: 'DRNL Node'
Model: DRNLVertex
 Placed on core (0, 1, 3)

**** Vertex: 'IHCAN Node'
Model: IHCANVertex
 Placed on core (0, 1, 4)

**** Vertex: 'IHCAN Node'
Model: IHCANVertex
 Placed on core (0, 1, 5)

**** Vertex: 'IHCAN Node'
Model: IHCANVertex
 Placed on core (0, 1, 6)

**** Vertex: 'IHCAN Node'
Model: IHCANVertex
 Placed on core (0, 1, 7)

**** Vertex: 'IHCAN Node'
Model: IHCANVertex
 Placed on core (0, 1, 8)

**** Vertex: 'DRNL Node'
Model: DRNLVertex
 Placed on core (0, 1, 9)

**** Vertex: 'IHCAN Node'
Model: IHCANVertex
 Placed on core (0, 1, 10)

**** Vertex: 'IHCAN Node'
Model: IHCANVertex
 Placed on core (0, 1, 11)

**** Vertex: 'IHCAN Node'
Model: IHCANVertex
 Placed on core (0, 1, 12)

**** Vertex: 'IHCAN Node'
Model: IHCANVertex
 Placed on core (0, 1, 13)

**** Vertex: 'IHCAN Node'
Model: IHCANVertex
 Placed on core (0, 1, 14)

**** Vertex: 'OME Node'
Model: OMEVertex
 Placed on core (1, 0, 2)

**** Vertex: 'DRNL Node'
Model: DRNLVertex
 Placed on core (1, 0, 3)

**** Vertex: 'IHCAN Node'
Model: IHCANVertex
 Placed on core (1, 0, 4)

**** Vertex: 'IHCAN Node'
Model: IHCANVertex
 Placed on core (1, 0, 5)

**** Vertex: 'IHCAN Node'
Model: IHCANVertex
 Placed on core (1, 0, 6)

**** Vertex: 'IHCAN Node'
Model: IHCANVertex
 Placed on core (1, 0, 7)

**** Vertex: 'IHCAN Node'
Model: IHCANVertex
 Placed on core (1, 0, 8)

**** Vertex: 'DRNL Node'
Model: DRNLVertex
 Placed on core (1, 0, 9)

**** Vertex: 'IHCAN Node'
Model: IHCANVertex
 Placed on core (1, 0, 10)

**** Vertex: 'IHCAN Node'
Model: IHCANVertex
 Placed on core (1, 0, 11)

**** Vertex: 'IHCAN Node'
Model: IHCANVertex
 Placed on core (1, 0, 12)

**** Vertex: 'IHCAN Node'
Model: IHCANVertex
 Placed on core (1, 0, 13)

**** Vertex: 'IHCAN Node'
Model: IHCANVertex
 Placed on core (1, 0, 14)

**** Vertex: 'OME Node'
Model: OMEVertex
 Placed on core (1, 1, 2)

**** Vertex: 'DRNL Node'
Model: DRNLVertex
 Placed on core (1, 1, 3)

**** Vertex: 'IHCAN Node'
Model: IHCANVertex
 Placed on core (1, 1, 4)

**** Vertex: 'IHCAN Node'
Model: IHCANVertex
 Placed on core (1, 1, 5)

**** Vertex: 'IHCAN Node'
Model: IHCANVertex
 Placed on core (1, 1, 6)

**** Vertex: 'IHCAN Node'
Model: IHCANVertex
 Placed on core (1, 1, 7)

**** Vertex: 'IHCAN Node'
Model: IHCANVertex
 Placed on core (1, 1, 8)

**** Vertex: 'DRNL Node'
Model: DRNLVertex
 Placed on core (1, 1, 9)

**** Vertex: 'IHCAN Node'
Model: IHCANVertex
 Placed on core (1, 1, 10)

**** Vertex: 'IHCAN Node'
Model: IHCANVertex
 Placed on core (1, 1, 11)

**** Vertex: 'IHCAN Node'
Model: IHCANVertex
 Placed on core (1, 1, 12)

**** Vertex: 'IHCAN Node'
Model: IHCANVertex
 Placed on core (1, 1, 13)

**** Vertex: 'IHCAN Node'
Model: IHCANVertex
 Placed on core (1, 1, 14)

