        Placement Information by Vertex
        ===============================

Generated: Thu Jul 20 16:48:27 2017 for target machine '192.168.240.253'

**** Vertex: 'OME Node'
Model: OMEVertex
 Placed on core (0, 0, 2)

**** Vertex: 'DRNL Node'
Model: DRNLVertex
 Placed on core (0, 0, 3)

**** Vertex: 'IHCAN Node'
Model: IHCANVertex
 Placed on core (0, 0, 4)

**** Vertex: 'OME Node'
Model: OMEVertex
 Placed on core (0, 1, 2)

**** Vertex: 'DRNL Node'
Model: DRNLVertex
 Placed on core (0, 1, 3)

**** Vertex: 'IHCAN Node'
Model: IHCANVertex
 Placed on core (0, 1, 4)

**** Vertex: 'OME Node'
Model: OMEVertex
 Placed on core (1, 0, 2)

**** Vertex: 'DRNL Node'
Model: DRNLVertex
 Placed on core (1, 0, 3)

**** Vertex: 'IHCAN Node'
Model: IHCANVertex
 Placed on core (1, 0, 4)

**** Vertex: 'OME Node'
Model: OMEVertex
 Placed on core (1, 1, 2)

**** Vertex: 'DRNL Node'
Model: DRNLVertex
 Placed on core (1, 1, 3)

**** Vertex: 'IHCAN Node'
Model: IHCANVertex
 Placed on core (1, 1, 4)

