        Placement Information by Vertex
        ===============================

Generated: Tue Jul 18 17:03:24 2017 for target machine '192.168.240.253'

**** Vertex: 'OME Node'
Model: OMEVertex
 Placed on core (0, 0, 2)

**** Vertex: 'DRNL Node'
Model: DRNLVertex
 Placed on core (0, 0, 3)

**** Vertex: 'OME Node'
Model: OMEVertex
 Placed on core (0, 1, 2)

**** Vertex: 'DRNL Node'
Model: DRNLVertex
 Placed on core (0, 1, 3)

**** Vertex: 'OME Node'
Model: OMEVertex
 Placed on core (1, 0, 2)

**** Vertex: 'DRNL Node'
Model: DRNLVertex
 Placed on core (1, 0, 3)

**** Vertex: 'OME Node'
Model: OMEVertex
 Placed on core (1, 1, 2)

**** Vertex: 'DRNL Node'
Model: DRNLVertex
 Placed on core (1, 1, 3)

