        Memory Usage by Core
        ====================

Generated: Thu Jul 20 18:06:17 2017 for target machine '192.168.240.253'

SDRAM reqs for core (1,0,3) is 24 KB
SDRAM reqs for core (0,0,9) is 24 KB
SDRAM reqs for core (1,0,9) is 24 KB
SDRAM reqs for core (0,1,3) is 24 KB
SDRAM reqs for core (0,0,3) is 24 KB
SDRAM reqs for core (0,1,9) is 24 KB
SDRAM reqs for core (1,1,9) is 24 KB
SDRAM reqs for core (1,1,3) is 24 KB
SDRAM reqs for core (1,0,5) is 48 KB
SDRAM reqs for core (1,0,6) is 48 KB
SDRAM reqs for core (1,0,12) is 48 KB
SDRAM reqs for core (0,0,8) is 48 KB
SDRAM reqs for core (1,0,10) is 48 KB
SDRAM reqs for core (0,1,4) is 48 KB
SDRAM reqs for core (1,1,7) is 48 KB
SDRAM reqs for core (0,1,5) is 48 KB
SDRAM reqs for core (1,1,12) is 48 KB
SDRAM reqs for core (1,1,11) is 48 KB
SDRAM reqs for core (0,0,7) is 48 KB
SDRAM reqs for core (0,1,6) is 48 KB
SDRAM reqs for core (0,0,6) is 48 KB
SDRAM reqs for core (0,1,7) is 48 KB
SDRAM reqs for core (1,0,7) is 48 KB
SDRAM reqs for core (0,0,5) is 48 KB
SDRAM reqs for core (1,0,14) is 48 KB
SDRAM reqs for core (1,1,14) is 48 KB
SDRAM reqs for core (0,0,4) is 48 KB
SDRAM reqs for core (1,1,5) is 48 KB
SDRAM reqs for core (0,1,8) is 48 KB
SDRAM reqs for core (1,1,6) is 48 KB
SDRAM reqs for core (1,1,10) is 48 KB
SDRAM reqs for core (0,1,10) is 48 KB
SDRAM reqs for core (1,1,4) is 48 KB
SDRAM reqs for core (1,0,11) is 48 KB
SDRAM reqs for core (0,1,11) is 48 KB
SDRAM reqs for core (1,0,4) is 48 KB
SDRAM reqs for core (0,1,12) is 48 KB
SDRAM reqs for core (0,0,14) is 48 KB
SDRAM reqs for core (0,1,13) is 48 KB
SDRAM reqs for core (0,0,13) is 48 KB
SDRAM reqs for core (0,1,14) is 48 KB
SDRAM reqs for core (0,0,12) is 48 KB
SDRAM reqs for core (1,0,8) is 48 KB
SDRAM reqs for core (1,0,13) is 48 KB
SDRAM reqs for core (1,1,13) is 48 KB
SDRAM reqs for core (0,0,11) is 48 KB
SDRAM reqs for core (1,1,8) is 48 KB
SDRAM reqs for core (0,0,10) is 48 KB
SDRAM reqs for core (0,1,2) is 24 KB
SDRAM reqs for core (1,1,2) is 24 KB
SDRAM reqs for core (0,0,2) is 24 KB
SDRAM reqs for core (1,0,2) is 24 KB
**** Chip: (0, 0) has total memory usage of 555 KB (568520 bytes) out of a max of 120575 KB (123469792 bytes)

**** Chip: (0, 1) has total memory usage of 555 KB (568520 bytes) out of a max of 120575 KB (123469792 bytes)

**** Chip: (1, 0) has total memory usage of 555 KB (568520 bytes) out of a max of 120575 KB (123469792 bytes)

**** Chip: (1, 1) has total memory usage of 555 KB (568520 bytes) out of a max of 120575 KB (123469792 bytes)

