Vertex: OME Node
    Partition: OMEData, Routing Info: [KeyAndMask:0x82L:0xfffffffe]
Vertex: DRNL Node
    Partition: DRNLData, Routing Info: [KeyAndMask:0x50L:0xfffffff8]
    Partition: OMEDataAck, Routing Info: [KeyAndMask:0xa0L:0xfffffff8]
Vertex: IHCAN Node
    Partition: DRNLDataAck, Routing Info: [KeyAndMask:0x4eL:0xffffffff]
Vertex: IHCAN Node
    Partition: DRNLDataAck, Routing Info: [KeyAndMask:0x60L:0xffffffff]
Vertex: IHCAN Node
    Partition: DRNLDataAck, Routing Info: [KeyAndMask:0x63L:0xffffffff]
Vertex: IHCAN Node
    Partition: DRNLDataAck, Routing Info: [KeyAndMask:0x66L:0xffffffff]
Vertex: IHCAN Node
    Partition: DRNLDataAck, Routing Info: [KeyAndMask:0x80L:0xffffffff]
Vertex: DRNL Node
    Partition: DRNLData, Routing Info: [KeyAndMask:0xa8L:0xfffffff8]
    Partition: OMEDataAck, Routing Info: [KeyAndMask:0x30L:0xfffffff8]
Vertex: IHCAN Node
    Partition: DRNLDataAck, Routing Info: [KeyAndMask:0x1L:0xffffffff]
Vertex: IHCAN Node
    Partition: DRNLDataAck, Routing Info: [KeyAndMask:0x5L:0xffffffff]
Vertex: IHCAN Node
    Partition: DRNLDataAck, Routing Info: [KeyAndMask:0x18L:0xffffffff]
Vertex: IHCAN Node
    Partition: DRNLDataAck, Routing Info: [KeyAndMask:0x1bL:0xffffffff]
Vertex: IHCAN Node
    Partition: DRNLDataAck, Routing Info: [KeyAndMask:0x28L:0xffffffff]
Vertex: OME Node
    Partition: OMEData, Routing Info: [KeyAndMask:0x64L:0xfffffffe]
Vertex: DRNL Node
    Partition: DRNLData, Routing Info: [KeyAndMask:0x38L:0xfffffff8]
    Partition: OMEDataAck, Routing Info: [KeyAndMask:0x70L:0xfffffff8]
Vertex: IHCAN Node
    Partition: DRNLDataAck, Routing Info: [KeyAndMask:0x2fL:0xffffffff]
Vertex: IHCAN Node
    Partition: DRNLDataAck, Routing Info: [KeyAndMask:0x49L:0xffffffff]
Vertex: IHCAN Node
    Partition: DRNLDataAck, Routing Info: [KeyAndMask:0x4cL:0xffffffff]
Vertex: IHCAN Node
    Partition: DRNLDataAck, Routing Info: [KeyAndMask:0x4fL:0xffffffff]
Vertex: IHCAN Node
    Partition: DRNLDataAck, Routing Info: [KeyAndMask:0x61L:0xffffffff]
Vertex: DRNL Node
    Partition: DRNLData, Routing Info: [KeyAndMask:0x88L:0xfffffff8]
    Partition: OMEDataAck, Routing Info: [KeyAndMask:0x10L:0xfffffff8]
Vertex: IHCAN Node
    Partition: DRNLDataAck, Routing Info: [KeyAndMask:0x84L:0xffffffff]
Vertex: IHCAN Node
    Partition: DRNLDataAck, Routing Info: [KeyAndMask:0x86L:0xffffffff]
Vertex: IHCAN Node
    Partition: DRNLDataAck, Routing Info: [KeyAndMask:0x87L:0xffffffff]
Vertex: IHCAN Node
    Partition: DRNLDataAck, Routing Info: [KeyAndMask:0x0L:0xffffffff]
Vertex: IHCAN Node
    Partition: DRNLDataAck, Routing Info: [KeyAndMask:0x3L:0xffffffff]
Vertex: OME Node
    Partition: OMEData, Routing Info: [KeyAndMask:0x6L:0xfffffffe]
Vertex: DRNL Node
    Partition: DRNLData, Routing Info: [KeyAndMask:0x20L:0xfffffff8]
    Partition: OMEDataAck, Routing Info: [KeyAndMask:0x40L:0xfffffff8]
Vertex: IHCAN Node
    Partition: DRNLDataAck, Routing Info: [KeyAndMask:0x1fL:0xffffffff]
Vertex: IHCAN Node
    Partition: DRNLDataAck, Routing Info: [KeyAndMask:0x2aL:0xffffffff]
Vertex: IHCAN Node
    Partition: DRNLDataAck, Routing Info: [KeyAndMask:0x2bL:0xffffffff]
Vertex: IHCAN Node
    Partition: DRNLDataAck, Routing Info: [KeyAndMask:0x2dL:0xffffffff]
Vertex: IHCAN Node
    Partition: DRNLDataAck, Routing Info: [KeyAndMask:0x48L:0xffffffff]
Vertex: DRNL Node
    Partition: DRNLData, Routing Info: [KeyAndMask:0x78L:0xfffffff8]
    Partition: OMEDataAck, Routing Info: [KeyAndMask:0x68L:0xfffffff8]
Vertex: IHCAN Node
    Partition: DRNLDataAck, Routing Info: [KeyAndMask:0x4L:0xffffffff]
Vertex: IHCAN Node
    Partition: DRNLDataAck, Routing Info: [KeyAndMask:0x2eL:0xffffffff]
Vertex: IHCAN Node
    Partition: DRNLDataAck, Routing Info: [KeyAndMask:0x67L:0xffffffff]
Vertex: IHCAN Node
    Partition: DRNLDataAck, Routing Info: [KeyAndMask:0x2L:0xffffffff]
Vertex: IHCAN Node
    Partition: DRNLDataAck, Routing Info: [KeyAndMask:0x2cL:0xffffffff]
Vertex: OME Node
    Partition: OMEData, Routing Info: [KeyAndMask:0x1cL:0xfffffffe]
Vertex: DRNL Node
    Partition: DRNLData, Routing Info: [KeyAndMask:0x8L:0xfffffff8]
    Partition: OMEDataAck, Routing Info: [KeyAndMask:0x58L:0xfffffff8]
Vertex: IHCAN Node
    Partition: DRNLDataAck, Routing Info: [KeyAndMask:0x62L:0xffffffff]
Vertex: IHCAN Node
    Partition: DRNLDataAck, Routing Info: [KeyAndMask:0x29L:0xffffffff]
Vertex: IHCAN Node
    Partition: DRNLDataAck, Routing Info: [KeyAndMask:0x1eL:0xffffffff]
Vertex: IHCAN Node
    Partition: DRNLDataAck, Routing Info: [KeyAndMask:0x4dL:0xffffffff]
Vertex: IHCAN Node
    Partition: DRNLDataAck, Routing Info: [KeyAndMask:0x85L:0xffffffff]
Vertex: DRNL Node
    Partition: DRNLData, Routing Info: [KeyAndMask:0x98L:0xfffffff8]
    Partition: OMEDataAck, Routing Info: [KeyAndMask:0x90L:0xfffffff8]
Vertex: IHCAN Node
    Partition: DRNLDataAck, Routing Info: [KeyAndMask:0x1aL:0xffffffff]
Vertex: IHCAN Node
    Partition: DRNLDataAck, Routing Info: [KeyAndMask:0x4bL:0xffffffff]
Vertex: IHCAN Node
    Partition: DRNLDataAck, Routing Info: [KeyAndMask:0x81L:0xffffffff]
Vertex: IHCAN Node
    Partition: DRNLDataAck, Routing Info: [KeyAndMask:0x19L:0xffffffff]
Vertex: IHCAN Node
    Partition: DRNLDataAck, Routing Info: [KeyAndMask:0x4aL:0xffffffff]
