        Placement Information by Core
        =============================

Generated: Thu Jul 20 13:43:25 2017 for target machine '192.168.240.253'

**** Chip: (0, 0)
Application cores: 18
  Processor 2: Vertex: 'OME Node' 
              Model: OMEVertex


  Processor 3: Vertex: 'DRNL Node' 
              Model: DRNLVertex


  Processor 4: Vertex: 'IHCAN Node' 
              Model: IHCANVertex


**** Chip: (0, 1)
Application cores: 18
  Processor 2: Vertex: 'OME Node' 
              Model: OMEVertex


  Processor 3: Vertex: 'DRNL Node' 
              Model: DRNLVertex


  Processor 4: Vertex: 'IHCAN Node' 
              Model: IHCANVertex


**** Chip: (1, 0)
Application cores: 18
  Processor 2: Vertex: 'OME Node' 
              Model: OMEVertex


  Processor 3: Vertex: 'DRNL Node' 
              Model: DRNLVertex


  Processor 4: Vertex: 'IHCAN Node' 
              Model: IHCANVertex


**** Chip: (1, 1)
Application cores: 18
  Processor 2: Vertex: 'OME Node' 
              Model: OMEVertex


  Processor 3: Vertex: 'DRNL Node' 
              Model: DRNLVertex


  Processor 4: Vertex: 'IHCAN Node' 
              Model: IHCANVertex


