        Edge Routing Report
        ===================

Generated: Wed Jul 19 15:08:05 2017 for target machine '192.168.240.253'

**** Edge 'None', from vertex: 'DRNL Node' to vertex: 'OME Node' Takes path 
 1:0:3 -> 1:0:2
Route length: 1

**** Edge 'None', from vertex: 'OME Node' to vertex: 'DRNL Node' Takes path 
 0:0:2 -> 0:0:3
Route length: 1

**** Edge 'None', from vertex: 'OME Node' to vertex: 'DRNL Node' Takes path 
 1:0:2 -> 1:0:3
Route length: 1

**** Edge 'None', from vertex: 'DRNL Node' to vertex: 'OME Node' Takes path 
 0:1:3 -> 0:1:2
Route length: 1

**** Edge 'None', from vertex: 'DRNL Node' to vertex: 'OME Node' Takes path 
 0:0:3 -> 0:0:2
Route length: 1

**** Edge 'None', from vertex: 'OME Node' to vertex: 'DRNL Node' Takes path 
 0:1:2 -> 0:1:3
Route length: 1

**** Edge 'None', from vertex: 'DRNL Node' to vertex: 'OME Node' Takes path 
 1:1:3 -> 1:1:2
Route length: 1

**** Edge 'None', from vertex: 'OME Node' to vertex: 'DRNL Node' Takes path 
 1:1:2 -> 1:1:3
Route length: 1

