        Placement Information by Core
        =============================

Generated: Thu Jul 20 17:13:06 2017 for target machine '192.168.240.253'

**** Chip: (0, 0)
Application cores: 18
  Processor 2: Vertex: 'OME Node' 
              Model: OMEVertex


  Processor 3: Vertex: 'DRNL Node' 
              Model: DRNLVertex


  Processor 4: Vertex: 'IHCAN Node' 
              Model: IHCANVertex


  Processor 5: Vertex: 'IHCAN Node' 
              Model: IHCANVertex


  Processor 6: Vertex: 'IHCAN Node' 
              Model: IHCANVertex


  Processor 7: Vertex: 'IHCAN Node' 
              Model: IHCANVertex


  Processor 8: Vertex: 'IHCAN Node' 
              Model: IHCANVertex


  Processor 9: Vertex: 'DRNL Node' 
              Model: DRNLVertex


  Processor 10: Vertex: 'IHCAN Node' 
              Model: IHCANVertex


  Processor 11: Vertex: 'IHCAN Node' 
              Model: IHCANVertex


  Processor 12: Vertex: 'IHCAN Node' 
              Model: IHCANVertex


  Processor 13: Vertex: 'IHCAN Node' 
              Model: IHCANVertex


  Processor 14: Vertex: 'IHCAN Node' 
              Model: IHCANVertex


**** Chip: (0, 1)
Application cores: 18
  Processor 2: Vertex: 'OME Node' 
              Model: OMEVertex


  Processor 3: Vertex: 'DRNL Node' 
              Model: DRNLVertex


  Processor 4: Vertex: 'IHCAN Node' 
              Model: IHCANVertex


  Processor 5: Vertex: 'IHCAN Node' 
              Model: IHCANVertex


  Processor 6: Vertex: 'IHCAN Node' 
              Model: IHCANVertex


  Processor 7: Vertex: 'IHCAN Node' 
              Model: IHCANVertex


  Processor 8: Vertex: 'IHCAN Node' 
              Model: IHCANVertex


  Processor 9: Vertex: 'DRNL Node' 
              Model: DRNLVertex


  Processor 10: Vertex: 'IHCAN Node' 
              Model: IHCANVertex


  Processor 11: Vertex: 'IHCAN Node' 
              Model: IHCANVertex


  Processor 12: Vertex: 'IHCAN Node' 
              Model: IHCANVertex


  Processor 13: Vertex: 'IHCAN Node' 
              Model: IHCANVertex


  Processor 14: Vertex: 'IHCAN Node' 
              Model: IHCANVertex


**** Chip: (1, 0)
Application cores: 18
  Processor 2: Vertex: 'OME Node' 
              Model: OMEVertex


  Processor 3: Vertex: 'DRNL Node' 
              Model: DRNLVertex


  Processor 4: Vertex: 'IHCAN Node' 
              Model: IHCANVertex


  Processor 5: Vertex: 'IHCAN Node' 
              Model: IHCANVertex


  Processor 6: Vertex: 'IHCAN Node' 
              Model: IHCANVertex


  Processor 7: Vertex: 'IHCAN Node' 
              Model: IHCANVertex


  Processor 8: Vertex: 'IHCAN Node' 
              Model: IHCANVertex


  Processor 9: Vertex: 'DRNL Node' 
              Model: DRNLVertex


  Processor 10: Vertex: 'IHCAN Node' 
              Model: IHCANVertex


  Processor 11: Vertex: 'IHCAN Node' 
              Model: IHCANVertex


  Processor 12: Vertex: 'IHCAN Node' 
              Model: IHCANVertex


  Processor 13: Vertex: 'IHCAN Node' 
              Model: IHCANVertex


  Processor 14: Vertex: 'IHCAN Node' 
              Model: IHCANVertex


**** Chip: (1, 1)
Application cores: 18
  Processor 2: Vertex: 'OME Node' 
              Model: OMEVertex


  Processor 3: Vertex: 'DRNL Node' 
              Model: DRNLVertex


  Processor 4: Vertex: 'IHCAN Node' 
              Model: IHCANVertex


  Processor 5: Vertex: 'IHCAN Node' 
              Model: IHCANVertex


  Processor 6: Vertex: 'IHCAN Node' 
              Model: IHCANVertex


  Processor 7: Vertex: 'IHCAN Node' 
              Model: IHCANVertex


  Processor 8: Vertex: 'IHCAN Node' 
              Model: IHCANVertex


  Processor 9: Vertex: 'DRNL Node' 
              Model: DRNLVertex


  Processor 10: Vertex: 'IHCAN Node' 
              Model: IHCANVertex


  Processor 11: Vertex: 'IHCAN Node' 
              Model: IHCANVertex


  Processor 12: Vertex: 'IHCAN Node' 
              Model: IHCANVertex


  Processor 13: Vertex: 'IHCAN Node' 
              Model: IHCANVertex


  Processor 14: Vertex: 'IHCAN Node' 
              Model: IHCANVertex


