        Edge Routing Report
        ===================

Generated: Thu Jul 20 13:19:32 2017 for target machine '192.168.240.253'

**** Edge 'None', from vertex: 'DRNL Node' to vertex: 'OME Node' Takes path 
 1:0:4 -> 1:0:3
Route length: 1

**** Edge 'None', from vertex: 'IHCAN Node' to vertex: 'DRNL Node' Takes path 
 0:1:5 -> 0:1:4
Route length: 1

**** Edge 'None', from vertex: 'OME Node' to vertex: 'DRNL Node' Takes path 
 1:1:3 -> 1:1:4
Route length: 1

**** Edge 'None', from vertex: 'OME Node' to vertex: 'DRNL Node' Takes path 
 0:1:3 -> 0:1:4
Route length: 1

**** Edge 'None', from vertex: 'OME Node' to vertex: 'DRNL Node' Takes path 
 1:0:3 -> 1:0:4
Route length: 1

**** Edge 'None', from vertex: 'DRNL Node' to vertex: 'IHCAN Node' Takes path 
 1:0:4 -> 1:0:5
Route length: 1

**** Edge 'None', from vertex: 'DRNL Node' to vertex: 'IHCAN Node' Takes path 
 1:1:4 -> 1:1:5
Route length: 1

**** Edge 'None', from vertex: 'IHCAN Node' to vertex: 'DRNL Node' Takes path 
 1:1:5 -> 1:1:4
Route length: 1

**** Edge 'None', from vertex: 'DRNL Node' to vertex: 'IHCAN Node' Takes path 
 0:0:4 -> 0:0:5
Route length: 1

**** Edge 'None', from vertex: 'DRNL Node' to vertex: 'OME Node' Takes path 
 0:1:4 -> 0:1:3
Route length: 1

**** Edge 'None', from vertex: 'IHCAN Node' to vertex: 'DRNL Node' Takes path 
 1:0:5 -> 1:0:4
Route length: 1

**** Edge 'None', from vertex: 'DRNL Node' to vertex: 'OME Node' Takes path 
 0:0:4 -> 0:0:3
Route length: 1

**** Edge 'None', from vertex: 'OME Node' to vertex: 'DRNL Node' Takes path 
 0:0:3 -> 0:0:4
Route length: 1

**** Edge 'None', from vertex: 'DRNL Node' to vertex: 'IHCAN Node' Takes path 
 0:1:4 -> 0:1:5
Route length: 1

**** Edge 'None', from vertex: 'IHCAN Node' to vertex: 'DRNL Node' Takes path 
 0:0:5 -> 0:0:4
Route length: 1

**** Edge 'None', from vertex: 'DRNL Node' to vertex: 'OME Node' Takes path 
 1:1:4 -> 1:1:3
Route length: 1

