        Edge Routing Report
        ===================

Generated: Fri Jul 21 15:34:48 2017 for target machine '192.168.240.253'

**** Edge 'None', from vertex: 'IHCAN Node' to vertex: 'DRNL Node' Takes path 
 1:0:8 -> 1:0:4
Route length: 1

**** Edge 'None', from vertex: 'IHCAN Node' to vertex: 'DRNL Node' Takes path 
 0:0:7 -> 0:0:4
Route length: 1

**** Edge 'None', from vertex: 'IHCAN Node' to vertex: 'DRNL Node' Takes path 
 0:0:14 -> 0:0:10
Route length: 1

**** Edge 'None', from vertex: 'DRNL Node' to vertex: 'IHCAN Node' Takes path 
 0:0:10 -> 0:0:11
Route length: 1

**** Edge 'None', from vertex: 'DRNL Node' to vertex: 'IHCAN Node' Takes path 
 0:0:10 -> 0:0:12
Route length: 1

**** Edge 'None', from vertex: 'DRNL Node' to vertex: 'IHCAN Node' Takes path 
 0:0:10 -> 0:0:13
Route length: 1

**** Edge 'None', from vertex: 'DRNL Node' to vertex: 'IHCAN Node' Takes path 
 0:0:10 -> 0:0:14
Route length: 1

**** Edge 'None', from vertex: 'DRNL Node' to vertex: 'IHCAN Node' Takes path 
 0:0:10 -> 0:0:15
Route length: 1

**** Edge 'None', from vertex: 'OME Node' to vertex: 'DRNL Node' Takes path 
 1:0:3 -> 1:0:4
Route length: 1

**** Edge 'None', from vertex: 'OME Node' to vertex: 'DRNL Node' Takes path 
 1:0:3 -> 1:0:10
Route length: 1

**** Edge 'None', from vertex: 'DRNL Node' to vertex: 'IHCAN Node' Takes path 
 1:1:10 -> 1:1:11
Route length: 1

**** Edge 'None', from vertex: 'DRNL Node' to vertex: 'IHCAN Node' Takes path 
 1:1:10 -> 1:1:12
Route length: 1

**** Edge 'None', from vertex: 'DRNL Node' to vertex: 'IHCAN Node' Takes path 
 1:1:10 -> 1:1:13
Route length: 1

**** Edge 'None', from vertex: 'DRNL Node' to vertex: 'IHCAN Node' Takes path 
 1:1:10 -> 1:1:14
Route length: 1

**** Edge 'None', from vertex: 'DRNL Node' to vertex: 'IHCAN Node' Takes path 
 1:1:10 -> 1:1:15
Route length: 1

**** Edge 'None', from vertex: 'IHCAN Node' to vertex: 'DRNL Node' Takes path 
 1:1:9 -> 1:1:4
Route length: 1

**** Edge 'None', from vertex: 'IHCAN Node' to vertex: 'DRNL Node' Takes path 
 1:0:12 -> 1:0:10
Route length: 1

**** Edge 'None', from vertex: 'IHCAN Node' to vertex: 'DRNL Node' Takes path 
 0:0:15 -> 0:0:10
Route length: 1

**** Edge 'None', from vertex: 'OME Node' to vertex: 'DRNL Node' Takes path 
 0:1:3 -> 0:1:4
Route length: 1

**** Edge 'None', from vertex: 'OME Node' to vertex: 'DRNL Node' Takes path 
 0:1:3 -> 0:1:10
Route length: 1

**** Edge 'None', from vertex: 'IHCAN Node' to vertex: 'DRNL Node' Takes path 
 1:0:7 -> 1:0:4
Route length: 1

**** Edge 'None', from vertex: 'DRNL Node' to vertex: 'IHCAN Node' Takes path 
 1:0:4 -> 1:0:5
Route length: 1

**** Edge 'None', from vertex: 'DRNL Node' to vertex: 'IHCAN Node' Takes path 
 1:0:4 -> 1:0:6
Route length: 1

**** Edge 'None', from vertex: 'DRNL Node' to vertex: 'IHCAN Node' Takes path 
 1:0:4 -> 1:0:7
Route length: 1

**** Edge 'None', from vertex: 'DRNL Node' to vertex: 'IHCAN Node' Takes path 
 1:0:4 -> 1:0:8
Route length: 1

**** Edge 'None', from vertex: 'DRNL Node' to vertex: 'IHCAN Node' Takes path 
 1:0:4 -> 1:0:9
Route length: 1

**** Edge 'None', from vertex: 'IHCAN Node' to vertex: 'DRNL Node' Takes path 
 1:1:6 -> 1:1:4
Route length: 1

**** Edge 'None', from vertex: 'IHCAN Node' to vertex: 'DRNL Node' Takes path 
 0:1:14 -> 0:1:10
Route length: 1

**** Edge 'None', from vertex: 'IHCAN Node' to vertex: 'DRNL Node' Takes path 
 0:1:12 -> 0:1:10
Route length: 1

**** Edge 'None', from vertex: 'DRNL Node' to vertex: 'IHCAN Node' Takes path 
 1:1:4 -> 1:1:5
Route length: 1

**** Edge 'None', from vertex: 'DRNL Node' to vertex: 'IHCAN Node' Takes path 
 1:1:4 -> 1:1:6
Route length: 1

**** Edge 'None', from vertex: 'DRNL Node' to vertex: 'IHCAN Node' Takes path 
 1:1:4 -> 1:1:7
Route length: 1

**** Edge 'None', from vertex: 'DRNL Node' to vertex: 'IHCAN Node' Takes path 
 1:1:4 -> 1:1:8
Route length: 1

**** Edge 'None', from vertex: 'DRNL Node' to vertex: 'IHCAN Node' Takes path 
 1:1:4 -> 1:1:9
Route length: 1

**** Edge 'None', from vertex: 'IHCAN Node' to vertex: 'DRNL Node' Takes path 
 1:0:5 -> 1:0:4
Route length: 1

**** Edge 'None', from vertex: 'IHCAN Node' to vertex: 'DRNL Node' Takes path 
 1:1:12 -> 1:1:10
Route length: 1

**** Edge 'None', from vertex: 'IHCAN Node' to vertex: 'DRNL Node' Takes path 
 0:1:6 -> 0:1:4
Route length: 1

**** Edge 'None', from vertex: 'IHCAN Node' to vertex: 'DRNL Node' Takes path 
 0:0:11 -> 0:0:10
Route length: 1

**** Edge 'None', from vertex: 'IHCAN Node' to vertex: 'DRNL Node' Takes path 
 1:0:11 -> 1:0:10
Route length: 1

**** Edge 'None', from vertex: 'IHCAN Node' to vertex: 'DRNL Node' Takes path 
 0:1:8 -> 0:1:4
Route length: 1

**** Edge 'None', from vertex: 'IHCAN Node' to vertex: 'DRNL Node' Takes path 
 0:0:13 -> 0:0:10
Route length: 1

**** Edge 'None', from vertex: 'IHCAN Node' to vertex: 'DRNL Node' Takes path 
 1:1:14 -> 1:1:10
Route length: 1

**** Edge 'None', from vertex: 'IHCAN Node' to vertex: 'DRNL Node' Takes path 
 0:0:5 -> 0:0:4
Route length: 1

**** Edge 'None', from vertex: 'DRNL Node' to vertex: 'OME Node' Takes path 
 1:1:4 -> 1:1:3
Route length: 1

**** Edge 'None', from vertex: 'IHCAN Node' to vertex: 'DRNL Node' Takes path 
 1:1:5 -> 1:1:4
Route length: 1

**** Edge 'None', from vertex: 'DRNL Node' to vertex: 'IHCAN Node' Takes path 
 0:1:10 -> 0:1:11
Route length: 1

**** Edge 'None', from vertex: 'DRNL Node' to vertex: 'IHCAN Node' Takes path 
 0:1:10 -> 0:1:12
Route length: 1

**** Edge 'None', from vertex: 'DRNL Node' to vertex: 'IHCAN Node' Takes path 
 0:1:10 -> 0:1:13
Route length: 1

**** Edge 'None', from vertex: 'DRNL Node' to vertex: 'IHCAN Node' Takes path 
 0:1:10 -> 0:1:14
Route length: 1

**** Edge 'None', from vertex: 'DRNL Node' to vertex: 'IHCAN Node' Takes path 
 0:1:10 -> 0:1:15
Route length: 1

**** Edge 'None', from vertex: 'IHCAN Node' to vertex: 'DRNL Node' Takes path 
 1:1:8 -> 1:1:4
Route length: 1

**** Edge 'None', from vertex: 'DRNL Node' to vertex: 'IHCAN Node' Takes path 
 1:0:10 -> 1:0:11
Route length: 1

**** Edge 'None', from vertex: 'DRNL Node' to vertex: 'IHCAN Node' Takes path 
 1:0:10 -> 1:0:12
Route length: 1

**** Edge 'None', from vertex: 'DRNL Node' to vertex: 'IHCAN Node' Takes path 
 1:0:10 -> 1:0:13
Route length: 1

**** Edge 'None', from vertex: 'DRNL Node' to vertex: 'IHCAN Node' Takes path 
 1:0:10 -> 1:0:14
Route length: 1

**** Edge 'None', from vertex: 'DRNL Node' to vertex: 'IHCAN Node' Takes path 
 1:0:10 -> 1:0:15
Route length: 1

**** Edge 'None', from vertex: 'DRNL Node' to vertex: 'OME Node' Takes path 
 0:0:4 -> 0:0:3
Route length: 1

**** Edge 'None', from vertex: 'IHCAN Node' to vertex: 'DRNL Node' Takes path 
 0:0:12 -> 0:0:10
Route length: 1

**** Edge 'None', from vertex: 'IHCAN Node' to vertex: 'DRNL Node' Takes path 
 0:1:15 -> 0:1:10
Route length: 1

**** Edge 'None', from vertex: 'DRNL Node' to vertex: 'IHCAN Node' Takes path 
 0:1:4 -> 0:1:5
Route length: 1

**** Edge 'None', from vertex: 'DRNL Node' to vertex: 'IHCAN Node' Takes path 
 0:1:4 -> 0:1:6
Route length: 1

**** Edge 'None', from vertex: 'DRNL Node' to vertex: 'IHCAN Node' Takes path 
 0:1:4 -> 0:1:7
Route length: 1

**** Edge 'None', from vertex: 'DRNL Node' to vertex: 'IHCAN Node' Takes path 
 0:1:4 -> 0:1:8
Route length: 1

**** Edge 'None', from vertex: 'DRNL Node' to vertex: 'IHCAN Node' Takes path 
 0:1:4 -> 0:1:9
Route length: 1

**** Edge 'None', from vertex: 'IHCAN Node' to vertex: 'DRNL Node' Takes path 
 0:0:6 -> 0:0:4
Route length: 1

**** Edge 'None', from vertex: 'IHCAN Node' to vertex: 'DRNL Node' Takes path 
 0:1:7 -> 0:1:4
Route length: 1

**** Edge 'None', from vertex: 'IHCAN Node' to vertex: 'DRNL Node' Takes path 
 1:0:14 -> 1:0:10
Route length: 1

**** Edge 'None', from vertex: 'IHCAN Node' to vertex: 'DRNL Node' Takes path 
 1:0:13 -> 1:0:10
Route length: 1

**** Edge 'None', from vertex: 'DRNL Node' to vertex: 'OME Node' Takes path 
 0:0:10 -> 0:0:3
Route length: 1

**** Edge 'None', from vertex: 'DRNL Node' to vertex: 'OME Node' Takes path 
 1:1:10 -> 1:1:3
Route length: 1

**** Edge 'None', from vertex: 'IHCAN Node' to vertex: 'DRNL Node' Takes path 
 1:0:6 -> 1:0:4
Route length: 1

**** Edge 'None', from vertex: 'DRNL Node' to vertex: 'OME Node' Takes path 
 0:1:10 -> 0:1:3
Route length: 1

**** Edge 'None', from vertex: 'IHCAN Node' to vertex: 'DRNL Node' Takes path 
 1:1:11 -> 1:1:10
Route length: 1

**** Edge 'None', from vertex: 'IHCAN Node' to vertex: 'DRNL Node' Takes path 
 1:1:7 -> 1:1:4
Route length: 1

**** Edge 'None', from vertex: 'IHCAN Node' to vertex: 'DRNL Node' Takes path 
 0:1:13 -> 0:1:10
Route length: 1

**** Edge 'None', from vertex: 'DRNL Node' to vertex: 'OME Node' Takes path 
 1:0:4 -> 1:0:3
Route length: 1

**** Edge 'None', from vertex: 'IHCAN Node' to vertex: 'DRNL Node' Takes path 
 0:1:5 -> 0:1:4
Route length: 1

**** Edge 'None', from vertex: 'OME Node' to vertex: 'DRNL Node' Takes path 
 0:0:3 -> 0:0:4
Route length: 1

**** Edge 'None', from vertex: 'OME Node' to vertex: 'DRNL Node' Takes path 
 0:0:3 -> 0:0:10
Route length: 1

**** Edge 'None', from vertex: 'OME Node' to vertex: 'DRNL Node' Takes path 
 1:1:3 -> 1:1:4
Route length: 1

**** Edge 'None', from vertex: 'OME Node' to vertex: 'DRNL Node' Takes path 
 1:1:3 -> 1:1:10
Route length: 1

**** Edge 'None', from vertex: 'IHCAN Node' to vertex: 'DRNL Node' Takes path 
 0:1:9 -> 0:1:4
Route length: 1

**** Edge 'None', from vertex: 'DRNL Node' to vertex: 'OME Node' Takes path 
 1:0:10 -> 1:0:3
Route length: 1

**** Edge 'None', from vertex: 'IHCAN Node' to vertex: 'DRNL Node' Takes path 
 1:1:13 -> 1:1:10
Route length: 1

**** Edge 'None', from vertex: 'IHCAN Node' to vertex: 'DRNL Node' Takes path 
 0:0:9 -> 0:0:4
Route length: 1

**** Edge 'None', from vertex: 'IHCAN Node' to vertex: 'DRNL Node' Takes path 
 0:0:8 -> 0:0:4
Route length: 1

**** Edge 'None', from vertex: 'DRNL Node' to vertex: 'IHCAN Node' Takes path 
 0:0:4 -> 0:0:5
Route length: 1

**** Edge 'None', from vertex: 'DRNL Node' to vertex: 'IHCAN Node' Takes path 
 0:0:4 -> 0:0:6
Route length: 1

**** Edge 'None', from vertex: 'DRNL Node' to vertex: 'IHCAN Node' Takes path 
 0:0:4 -> 0:0:7
Route length: 1

**** Edge 'None', from vertex: 'DRNL Node' to vertex: 'IHCAN Node' Takes path 
 0:0:4 -> 0:0:8
Route length: 1

**** Edge 'None', from vertex: 'DRNL Node' to vertex: 'IHCAN Node' Takes path 
 0:0:4 -> 0:0:9
Route length: 1

**** Edge 'None', from vertex: 'IHCAN Node' to vertex: 'DRNL Node' Takes path 
 1:0:15 -> 1:0:10
Route length: 1

**** Edge 'None', from vertex: 'DRNL Node' to vertex: 'OME Node' Takes path 
 0:1:4 -> 0:1:3
Route length: 1

**** Edge 'None', from vertex: 'IHCAN Node' to vertex: 'DRNL Node' Takes path 
 1:0:9 -> 1:0:4
Route length: 1

**** Edge 'None', from vertex: 'IHCAN Node' to vertex: 'DRNL Node' Takes path 
 0:1:11 -> 0:1:10
Route length: 1

**** Edge 'None', from vertex: 'IHCAN Node' to vertex: 'DRNL Node' Takes path 
 1:1:15 -> 1:1:10
Route length: 1

